<?xml version="1.0" encoding="UTF-8"?>
<!-- Generated by org.testng.reporters.JUnitXMLReporter -->
<testsuite ignored="0" hostname="HP" failures="0" tests="10" name="Default test" time="94.601" errors="0" timestamp="07 Feb 2019 15:17:49 GMT">
  <testcase classname="RajeevHomework.Fbsignup" name="checkandclickwithsignupoption" time="0.156"/>
  <testcase classname="RajeevHomework.Fbsignup" name="verifyWithoutEnteringAnyField" time="0.61"/>
  <testcase classname="RajeevHomework.Fbsignup" name="firstNameEnterAndValidData" time="0.602"/>
  <testcase classname="RajeevHomework.Fbsignup" name="surNamewithData" time="0.117"/>
  <testcase classname="RajeevHomework.Fbsignup" name="mobilenooremailadresswithdata" time="0.146"/>
  <testcase classname="RajeevHomework.Fbsignup" name="newpasswordwithdata" time="0.62"/>
  <testcase classname="RajeevHomework.Fbsignup" name="birthdaywithdata" time="0.608"/>
  <testcase classname="RajeevHomework.Fbsignup" name="birthdaymonthwithdata" time="0.578"/>
  <testcase classname="RajeevHomework.Fbsignup" name="birthdayyearwithdata" time="0.131"/>
  <testcase classname="RajeevHomework.Fbsignup" name="checkrediuobuttonwithclick" time="0.57"/>
</testsuite> <!-- Default test -->
