<?xml version="1.0" encoding="UTF-8"?>
<testng-results ignored="0" total="10" passed="10" failed="0" skipped="0">
  <reporter-output>
  </reporter-output>
  <suite started-at="2019-02-07T15:16:14Z" name="Default suite" finished-at="2019-02-07T15:17:49Z" duration-ms="94601">
    <groups>
    </groups>
    <test started-at="2019-02-07T15:16:14Z" name="Default test" finished-at="2019-02-07T15:17:49Z" duration-ms="94601">
      <class name="RajeevHomework.Fbsignup">
        <test-method is-config="true" signature="setup()[pri:0, instance:RajeevHomework.Fbsignup@38e79ae3]" started-at="2019-02-07T15:16:14Z" name="setup" finished-at="2019-02-07T15:16:28Z" duration-ms="13496" status="PASS">
          <reporter-output>
          </reporter-output>
        </test-method> <!-- setup -->
        <test-method signature="checkandclickwithsignupoption()[pri:0, instance:RajeevHomework.Fbsignup@38e79ae3]" started-at="2019-02-07T15:16:28Z" name="checkandclickwithsignupoption" finished-at="2019-02-07T15:16:28Z" duration-ms="156" status="PASS">
          <reporter-output>
          </reporter-output>
        </test-method> <!-- checkandclickwithsignupoption -->
        <test-method is-config="true" signature="close()[pri:0, instance:RajeevHomework.Fbsignup@38e79ae3]" started-at="2019-02-07T15:16:28Z" name="close" finished-at="2019-02-07T15:16:29Z" duration-ms="640" status="PASS">
          <reporter-output>
          </reporter-output>
        </test-method> <!-- close -->
        <test-method is-config="true" signature="setup()[pri:0, instance:RajeevHomework.Fbsignup@38e79ae3]" started-at="2019-02-07T15:16:29Z" name="setup" finished-at="2019-02-07T15:16:36Z" duration-ms="7421" status="PASS">
          <reporter-output>
          </reporter-output>
        </test-method> <!-- setup -->
        <test-method signature="verifyWithoutEnteringAnyField()[pri:1, instance:RajeevHomework.Fbsignup@38e79ae3]" started-at="2019-02-07T15:16:36Z" name="verifyWithoutEnteringAnyField" finished-at="2019-02-07T15:16:37Z" duration-ms="610" status="PASS">
          <reporter-output>
          </reporter-output>
        </test-method> <!-- verifyWithoutEnteringAnyField -->
        <test-method is-config="true" signature="close()[pri:0, instance:RajeevHomework.Fbsignup@38e79ae3]" started-at="2019-02-07T15:16:37Z" name="close" finished-at="2019-02-07T15:16:37Z" duration-ms="628" status="PASS">
          <reporter-output>
          </reporter-output>
        </test-method> <!-- close -->
        <test-method is-config="true" signature="setup()[pri:0, instance:RajeevHomework.Fbsignup@38e79ae3]" started-at="2019-02-07T15:16:37Z" name="setup" finished-at="2019-02-07T15:16:45Z" duration-ms="7354" status="PASS">
          <reporter-output>
          </reporter-output>
        </test-method> <!-- setup -->
        <test-method signature="firstNameEnterAndValidData()[pri:2, instance:RajeevHomework.Fbsignup@38e79ae3]" started-at="2019-02-07T15:16:45Z" name="firstNameEnterAndValidData" finished-at="2019-02-07T15:16:45Z" duration-ms="602" status="PASS">
          <reporter-output>
          </reporter-output>
        </test-method> <!-- firstNameEnterAndValidData -->
        <test-method is-config="true" signature="close()[pri:0, instance:RajeevHomework.Fbsignup@38e79ae3]" started-at="2019-02-07T15:16:45Z" name="close" finished-at="2019-02-07T15:16:46Z" duration-ms="618" status="PASS">
          <reporter-output>
          </reporter-output>
        </test-method> <!-- close -->
        <test-method is-config="true" signature="setup()[pri:0, instance:RajeevHomework.Fbsignup@38e79ae3]" started-at="2019-02-07T15:16:46Z" name="setup" finished-at="2019-02-07T15:16:56Z" duration-ms="10396" status="PASS">
          <reporter-output>
          </reporter-output>
        </test-method> <!-- setup -->
        <test-method signature="surNamewithData()[pri:3, instance:RajeevHomework.Fbsignup@38e79ae3]" started-at="2019-02-07T15:16:56Z" name="surNamewithData" finished-at="2019-02-07T15:16:56Z" duration-ms="117" status="PASS">
          <reporter-output>
          </reporter-output>
        </test-method> <!-- surNamewithData -->
        <test-method is-config="true" signature="close()[pri:0, instance:RajeevHomework.Fbsignup@38e79ae3]" started-at="2019-02-07T15:16:56Z" name="close" finished-at="2019-02-07T15:16:57Z" duration-ms="612" status="PASS">
          <reporter-output>
          </reporter-output>
        </test-method> <!-- close -->
        <test-method is-config="true" signature="setup()[pri:0, instance:RajeevHomework.Fbsignup@38e79ae3]" started-at="2019-02-07T15:16:57Z" name="setup" finished-at="2019-02-07T15:17:07Z" duration-ms="10134" status="PASS">
          <reporter-output>
          </reporter-output>
        </test-method> <!-- setup -->
        <test-method signature="mobilenooremailadresswithdata()[pri:4, instance:RajeevHomework.Fbsignup@38e79ae3]" started-at="2019-02-07T15:17:07Z" name="mobilenooremailadresswithdata" finished-at="2019-02-07T15:17:07Z" duration-ms="146" status="PASS">
          <reporter-output>
          </reporter-output>
        </test-method> <!-- mobilenooremailadresswithdata -->
        <test-method is-config="true" signature="close()[pri:0, instance:RajeevHomework.Fbsignup@38e79ae3]" started-at="2019-02-07T15:17:07Z" name="close" finished-at="2019-02-07T15:17:08Z" duration-ms="647" status="PASS">
          <reporter-output>
          </reporter-output>
        </test-method> <!-- close -->
        <test-method is-config="true" signature="setup()[pri:0, instance:RajeevHomework.Fbsignup@38e79ae3]" started-at="2019-02-07T15:17:08Z" name="setup" finished-at="2019-02-07T15:17:14Z" duration-ms="6544" status="PASS">
          <reporter-output>
          </reporter-output>
        </test-method> <!-- setup -->
        <test-method signature="newpasswordwithdata()[pri:5, instance:RajeevHomework.Fbsignup@38e79ae3]" started-at="2019-02-07T15:17:14Z" name="newpasswordwithdata" finished-at="2019-02-07T15:17:15Z" duration-ms="620" status="PASS">
          <reporter-output>
          </reporter-output>
        </test-method> <!-- newpasswordwithdata -->
        <test-method is-config="true" signature="close()[pri:0, instance:RajeevHomework.Fbsignup@38e79ae3]" started-at="2019-02-07T15:17:15Z" name="close" finished-at="2019-02-07T15:17:16Z" duration-ms="631" status="PASS">
          <reporter-output>
          </reporter-output>
        </test-method> <!-- close -->
        <test-method is-config="true" signature="setup()[pri:0, instance:RajeevHomework.Fbsignup@38e79ae3]" started-at="2019-02-07T15:17:16Z" name="setup" finished-at="2019-02-07T15:17:22Z" duration-ms="6514" status="PASS">
          <reporter-output>
          </reporter-output>
        </test-method> <!-- setup -->
        <test-method signature="birthdaywithdata()[pri:6, instance:RajeevHomework.Fbsignup@38e79ae3]" started-at="2019-02-07T15:17:22Z" name="birthdaywithdata" finished-at="2019-02-07T15:17:23Z" duration-ms="608" status="PASS">
          <reporter-output>
          </reporter-output>
        </test-method> <!-- birthdaywithdata -->
        <test-method is-config="true" signature="close()[pri:0, instance:RajeevHomework.Fbsignup@38e79ae3]" started-at="2019-02-07T15:17:23Z" name="close" finished-at="2019-02-07T15:17:23Z" duration-ms="609" status="PASS">
          <reporter-output>
          </reporter-output>
        </test-method> <!-- close -->
        <test-method is-config="true" signature="setup()[pri:0, instance:RajeevHomework.Fbsignup@38e79ae3]" started-at="2019-02-07T15:17:23Z" name="setup" finished-at="2019-02-07T15:17:30Z" duration-ms="6386" status="PASS">
          <reporter-output>
          </reporter-output>
        </test-method> <!-- setup -->
        <test-method signature="birthdaymonthwithdata()[pri:7, instance:RajeevHomework.Fbsignup@38e79ae3]" started-at="2019-02-07T15:17:30Z" name="birthdaymonthwithdata" finished-at="2019-02-07T15:17:30Z" duration-ms="578" status="PASS">
          <reporter-output>
          </reporter-output>
        </test-method> <!-- birthdaymonthwithdata -->
        <test-method is-config="true" signature="close()[pri:0, instance:RajeevHomework.Fbsignup@38e79ae3]" started-at="2019-02-07T15:17:30Z" name="close" finished-at="2019-02-07T15:17:31Z" duration-ms="621" status="PASS">
          <reporter-output>
          </reporter-output>
        </test-method> <!-- close -->
        <test-method is-config="true" signature="setup()[pri:0, instance:RajeevHomework.Fbsignup@38e79ae3]" started-at="2019-02-07T15:17:31Z" name="setup" finished-at="2019-02-07T15:17:40Z" duration-ms="9202" status="PASS">
          <reporter-output>
          </reporter-output>
        </test-method> <!-- setup -->
        <test-method signature="birthdayyearwithdata()[pri:8, instance:RajeevHomework.Fbsignup@38e79ae3]" started-at="2019-02-07T15:17:40Z" name="birthdayyearwithdata" finished-at="2019-02-07T15:17:40Z" duration-ms="131" status="PASS">
          <reporter-output>
          </reporter-output>
        </test-method> <!-- birthdayyearwithdata -->
        <test-method is-config="true" signature="close()[pri:0, instance:RajeevHomework.Fbsignup@38e79ae3]" started-at="2019-02-07T15:17:40Z" name="close" finished-at="2019-02-07T15:17:41Z" duration-ms="638" status="PASS">
          <reporter-output>
          </reporter-output>
        </test-method> <!-- close -->
        <test-method is-config="true" signature="setup()[pri:0, instance:RajeevHomework.Fbsignup@38e79ae3]" started-at="2019-02-07T15:17:41Z" name="setup" finished-at="2019-02-07T15:17:48Z" duration-ms="6685" status="PASS">
          <reporter-output>
          </reporter-output>
        </test-method> <!-- setup -->
        <test-method signature="checkrediuobuttonwithclick()[pri:9, instance:RajeevHomework.Fbsignup@38e79ae3]" started-at="2019-02-07T15:17:48Z" name="checkrediuobuttonwithclick" finished-at="2019-02-07T15:17:48Z" duration-ms="570" status="PASS">
          <reporter-output>
          </reporter-output>
        </test-method> <!-- checkrediuobuttonwithclick -->
        <test-method is-config="true" signature="close()[pri:0, instance:RajeevHomework.Fbsignup@38e79ae3]" started-at="2019-02-07T15:17:48Z" name="close" finished-at="2019-02-07T15:17:49Z" duration-ms="625" status="PASS">
          <reporter-output>
          </reporter-output>
        </test-method> <!-- close -->
      </class> <!-- RajeevHomework.Fbsignup -->
    </test> <!-- Default test -->
  </suite> <!-- Default suite -->
</testng-results>
